<?xml version="1.0" encoding="UTF-8"?>
<!-- Generated by org.testng.reporters.JUnitXMLReporter -->
<testsuite hostname="DESKTOP-UOV0MPD" ignored="0" name="Command line test" tests="5" failures="0" timestamp="30 May 2019 02:00:21 GMT" time="134.692" errors="0">
  <testcase name="searchTest" time="5.694" classname="com.qa.linkedin.testcases.SearchDDTTest"/>
  <testcase name="searchTest" time="19.709" classname="com.qa.linkedin.testcases.SearchDDTTest"/>
  <testcase name="searchTest" time="14.271" classname="com.qa.linkedin.testcases.SearchDDTTest"/>
  <testcase name="searchTest" time="10.668" classname="com.qa.linkedin.testcases.SearchDDTTest"/>
  <testcase name="searchTest" time="6.017" classname="com.qa.linkedin.testcases.SearchDDTTest"/>
</testsuite> <!-- Command line test -->
